**********************
* MERGE PROGRESS LOG *
**********************
[2024-05-07 17:45:13] [INFO]: Starting merge for Project: C:\Users\Siemens\Desktop\TIA_UnifiedDemo_V19\IM\HMI\I\3\Context.wrk
[2024-05-07 17:45:13] [INFO]: Setting up Full Project Merge...
[2024-05-07 17:45:13] [WARNING]: Open optional file failed: C:\Users\Siemens\Desktop\TIA_UnifiedDemo_V19\IM\HMI\I\3\Context.wrk\system\runtime.rdf
[2024-05-07 17:45:13] [WARNING]: Open optional file failed: C:\Users\Siemens\Desktop\TIA_UnifiedDemo_V19\IM\HMI\I\3\Context.wrk\system\persistent.rdf
[2024-05-07 17:45:13] [WARNING]: Open optional file failed: C:\Users\Siemens\Desktop\TIA_UnifiedDemo_V19\IM\HMI\I\3\Context.wrk\deltas\27\runtime.rdf
[2024-05-07 17:45:13] [WARNING]: Open optional file failed: C:\Users\Siemens\Desktop\TIA_UnifiedDemo_V19\IM\HMI\I\3\Context.wrk\deltas\27\persistent.rdf
[2024-05-07 17:45:13] [INFO]: Number of Jobs to execute: 83
[2024-05-07 17:45:13] [INFO]: Starting Job number 1: MERGE JOB
[2024-05-07 17:45:13] [INFO]: The job was executed succesfully.
[2024-05-07 17:45:13] [INFO]: Starting Job number 2: MERGE JOB
[2024-05-07 17:45:13] [INFO]: The job was executed succesfully.
[2024-05-07 17:45:13] [INFO]: Starting Job number 3: MERGE JOB
[2024-05-07 17:45:13] [INFO]: The job was executed succesfully.
[2024-05-07 17:45:13] [INFO]: Starting Job number 4: MERGE JOB
[2024-05-07 17:45:13] [INFO]: The job was executed succesfully.
[2024-05-07 17:45:13] [INFO]: Starting Job number 5: MERGE JOB
[2024-05-07 17:45:13] [INFO]: The job was executed succesfully.
[2024-05-07 17:45:13] [INFO]: Starting Job number 6: MERGE JOB
[2024-05-07 17:45:13] [INFO]: The job was executed succesfully.
[2024-05-07 17:45:13] [INFO]: Starting Job number 7: MERGE JOB
[2024-05-07 17:45:13] [INFO]: The job was executed succesfully.
[2024-05-07 17:45:13] [INFO]: Starting Job number 8: JOIN JOB
[2024-05-07 17:45:14] [INFO]: The job was executed succesfully.
[2024-05-07 17:45:14] [INFO]: Starting Job number 9: FINALIZE JOB
[2024-05-07 17:45:14] [INFO]: The job was executed succesfully.
[2024-05-07 17:45:14] [INFO]: Starting Job number 10: DELETE JOB
[2024-05-07 17:45:14] [INFO]: The job was executed succesfully.
[2024-05-07 17:45:14] [INFO]: Starting Job number 11: DELETE JOB
[2024-05-07 17:45:14] [INFO]: The job was executed succesfully.
[2024-05-07 17:45:14] [INFO]: Starting Job number 12: DELETE JOB
[2024-05-07 17:45:14] [INFO]: The job was executed succesfully.
[2024-05-07 17:45:14] [INFO]: Starting Job number 13: DELETE JOB
[2024-05-07 17:45:14] [INFO]: The job was executed succesfully.
[2024-05-07 17:45:14] [INFO]: Starting Job number 14: DELETE JOB
[2024-05-07 17:45:14] [INFO]: The job was executed succesfully.
[2024-05-07 17:45:14] [INFO]: Starting Job number 15: DELETE JOB
[2024-05-07 17:45:14] [INFO]: The job was executed succesfully.
[2024-05-07 17:45:14] [INFO]: Starting Job number 16: DELETE JOB
[2024-05-07 17:45:14] [INFO]: The job was executed succesfully.
[2024-05-07 17:45:14] [INFO]: Starting Job number 17: MERGE JOB
[2024-05-07 17:45:14] [INFO]: The job was executed succesfully.
[2024-05-07 17:45:14] [INFO]: Starting Job number 18: MERGE JOB
[2024-05-07 17:45:14] [INFO]: The job was executed succesfully.
[2024-05-07 17:45:14] [INFO]: Starting Job number 19: MERGE JOB
[2024-05-07 17:45:14] [INFO]: The job was executed succesfully.
[2024-05-07 17:45:14] [INFO]: Starting Job number 20: MERGE JOB
[2024-05-07 17:45:14] [INFO]: The job was executed succesfully.
[2024-05-07 17:45:14] [INFO]: Starting Job number 21: MERGE JOB
[2024-05-07 17:45:14] [INFO]: The job was executed succesfully.
[2024-05-07 17:45:14] [INFO]: Starting Job number 22: MERGE JOB
[2024-05-07 17:45:14] [INFO]: The job was executed succesfully.
[2024-05-07 17:45:14] [INFO]: Starting Job number 23: MERGE JOB
[2024-05-07 17:45:14] [INFO]: The job was executed succesfully.
[2024-05-07 17:45:14] [INFO]: Starting Job number 24: JOIN JOB
[2024-05-07 17:45:14] [INFO]: The job was executed succesfully.
[2024-05-07 17:45:14] [INFO]: Starting Job number 25: FINALIZE JOB
[2024-05-07 17:45:14] [INFO]: The job was executed succesfully.
[2024-05-07 17:45:14] [INFO]: Starting Job number 26: DELETE JOB
[2024-05-07 17:45:14] [INFO]: The job was executed succesfully.
[2024-05-07 17:45:14] [INFO]: Starting Job number 27: DELETE JOB
[2024-05-07 17:45:14] [INFO]: The job was executed succesfully.
[2024-05-07 17:45:14] [INFO]: Starting Job number 28: DELETE JOB
[2024-05-07 17:45:14] [INFO]: The job was executed succesfully.
[2024-05-07 17:45:14] [INFO]: Starting Job number 29: DELETE JOB
[2024-05-07 17:45:14] [INFO]: The job was executed succesfully.
[2024-05-07 17:45:14] [INFO]: Starting Job number 30: DELETE JOB
[2024-05-07 17:45:14] [INFO]: The job was executed succesfully.
[2024-05-07 17:45:14] [INFO]: Starting Job number 31: DELETE JOB
[2024-05-07 17:45:14] [INFO]: The job was executed succesfully.
[2024-05-07 17:45:14] [INFO]: Starting Job number 32: DELETE JOB
[2024-05-07 17:45:14] [INFO]: The job was executed succesfully.
[2024-05-07 17:45:14] [INFO]: Starting Job number 33: MERGE JOB
[2024-05-07 17:45:14] [INFO]: The job was executed succesfully.
[2024-05-07 17:45:14] [INFO]: Starting Job number 34: MERGE JOB
[2024-05-07 17:45:14] [INFO]: The job was executed succesfully.
[2024-05-07 17:45:14] [INFO]: Starting Job number 35: MERGE JOB
[2024-05-07 17:45:14] [INFO]: The job was executed succesfully.
[2024-05-07 17:45:14] [INFO]: Starting Job number 36: MERGE JOB
[2024-05-07 17:45:14] [INFO]: The job was executed succesfully.
[2024-05-07 17:45:14] [INFO]: Starting Job number 37: JOIN JOB
[2024-05-07 17:45:14] [INFO]: The job was executed succesfully.
[2024-05-07 17:45:14] [INFO]: Starting Job number 38: MERGE JOB
[2024-05-07 17:45:14] [INFO]: The job was executed succesfully.
[2024-05-07 17:45:14] [INFO]: Starting Job number 39: JOIN JOB
[2024-05-07 17:45:14] [INFO]: The job was executed succesfully.
[2024-05-07 17:45:14] [INFO]: Starting Job number 40: MERGE JOB
[2024-05-07 17:45:14] [INFO]: The job was executed succesfully.
[2024-05-07 17:45:14] [INFO]: Starting Job number 41: MERGE JOB
[2024-05-07 17:45:14] [INFO]: The job was executed succesfully.
[2024-05-07 17:45:14] [INFO]: Starting Job number 42: JOIN JOB
[2024-05-07 17:45:14] [INFO]: The job was executed succesfully.
[2024-05-07 17:45:14] [INFO]: Starting Job number 43: MERGE JOB
[2024-05-07 17:45:14] [INFO]: The job was executed succesfully.
[2024-05-07 17:45:14] [INFO]: Starting Job number 44: MERGE JOB
[2024-05-07 17:45:14] [INFO]: The job was executed succesfully.
[2024-05-07 17:45:14] [INFO]: Starting Job number 45: JOIN JOB
[2024-05-07 17:45:14] [INFO]: The job was executed succesfully.
[2024-05-07 17:45:14] [INFO]: Starting Job number 46: MERGE JOB
[2024-05-07 17:45:14] [INFO]: The job was executed succesfully.
[2024-05-07 17:45:14] [INFO]: Starting Job number 47: MERGE JOB
[2024-05-07 17:45:15] [INFO]: The job was executed succesfully.
[2024-05-07 17:45:15] [INFO]: Starting Job number 48: JOIN JOB
[2024-05-07 17:45:15] [INFO]: The job was executed succesfully.
[2024-05-07 17:45:15] [INFO]: Starting Job number 49: MERGE JOB
[2024-05-07 17:45:15] [INFO]: The job was executed succesfully.
[2024-05-07 17:45:15] [INFO]: Starting Job number 50: JOIN JOB
[2024-05-07 17:45:16] [INFO]: The job was executed succesfully.
[2024-05-07 17:45:16] [INFO]: Starting Job number 51: MERGE JOB
[2024-05-07 17:45:16] [INFO]: The job was executed succesfully.
[2024-05-07 17:45:16] [INFO]: Starting Job number 52: JOIN JOB
[2024-05-07 17:45:16] [INFO]: The job was executed succesfully.
[2024-05-07 17:45:16] [INFO]: Starting Job number 53: MERGE JOB
[2024-05-07 17:45:16] [INFO]: The job was executed succesfully.
[2024-05-07 17:45:16] [INFO]: Starting Job number 54: MERGE JOB
[2024-05-07 17:45:16] [INFO]: The job was executed succesfully.
[2024-05-07 17:45:16] [INFO]: Starting Job number 55: JOIN JOB
[2024-05-07 17:45:17] [INFO]: The job was executed succesfully.
[2024-05-07 17:45:17] [INFO]: Starting Job number 56: MERGE JOB
[2024-05-07 17:45:17] [INFO]: The job was executed succesfully.
[2024-05-07 17:45:17] [INFO]: Starting Job number 57: JOIN JOB
[2024-05-07 17:45:17] [INFO]: The job was executed succesfully.
[2024-05-07 17:45:17] [INFO]: Starting Job number 58: FINALIZE JOB
[2024-05-07 17:45:17] [INFO]: The job was executed succesfully.
[2024-05-07 17:45:17] [INFO]: Starting Job number 59: DELETE JOB
[2024-05-07 17:45:17] [INFO]: The job was executed succesfully.
[2024-05-07 17:45:17] [INFO]: Starting Job number 60: DELETE JOB
[2024-05-07 17:45:17] [INFO]: The job was executed succesfully.
[2024-05-07 17:45:17] [INFO]: Starting Job number 61: FINALIZE JOB
[2024-05-07 17:45:17] [INFO]: The job was executed succesfully.
[2024-05-07 17:45:17] [INFO]: Starting Job number 62: DELETE JOB
[2024-05-07 17:45:17] [INFO]: The job was executed succesfully.
[2024-05-07 17:45:17] [INFO]: Starting Job number 63: DELETE JOB
[2024-05-07 17:45:17] [INFO]: The job was executed succesfully.
[2024-05-07 17:45:17] [INFO]: Starting Job number 64: FINALIZE JOB
[2024-05-07 17:45:17] [INFO]: The job was executed succesfully.
[2024-05-07 17:45:17] [INFO]: Starting Job number 65: DELETE JOB
[2024-05-07 17:45:17] [INFO]: The job was executed succesfully.
[2024-05-07 17:45:17] [INFO]: Starting Job number 66: DELETE JOB
[2024-05-07 17:45:17] [INFO]: The job was executed succesfully.
[2024-05-07 17:45:17] [INFO]: Starting Job number 67: FINALIZE JOB
[2024-05-07 17:45:17] [INFO]: The job was executed succesfully.
[2024-05-07 17:45:17] [INFO]: Starting Job number 68: DELETE JOB
[2024-05-07 17:45:17] [INFO]: The job was executed succesfully.
[2024-05-07 17:45:17] [INFO]: Starting Job number 69: DELETE JOB
[2024-05-07 17:45:17] [INFO]: The job was executed succesfully.
[2024-05-07 17:45:17] [INFO]: Starting Job number 70: FINALIZE JOB
[2024-05-07 17:45:17] [INFO]: The job was executed succesfully.
[2024-05-07 17:45:17] [INFO]: Starting Job number 71: DELETE JOB
[2024-05-07 17:45:17] [INFO]: The job was executed succesfully.
[2024-05-07 17:45:17] [INFO]: Starting Job number 72: FINALIZE JOB
[2024-05-07 17:45:17] [INFO]: The job was executed succesfully.
[2024-05-07 17:45:17] [INFO]: Starting Job number 73: DELETE JOB
[2024-05-07 17:45:17] [INFO]: The job was executed succesfully.
[2024-05-07 17:45:17] [INFO]: Starting Job number 74: DELETE JOB
[2024-05-07 17:45:17] [INFO]: The job was executed succesfully.
[2024-05-07 17:45:17] [INFO]: Starting Job number 75: FINALIZE JOB
[2024-05-07 17:45:17] [INFO]: The job was executed succesfully.
[2024-05-07 17:45:17] [INFO]: Starting Job number 76: DELETE JOB
[2024-05-07 17:45:17] [INFO]: The job was executed succesfully.
[2024-05-07 17:45:17] [INFO]: Starting Job number 77: FINALIZE JOB
[2024-05-07 17:45:17] [INFO]: The job was executed succesfully.
[2024-05-07 17:45:17] [INFO]: Starting Job number 78: DELETE JOB
[2024-05-07 17:45:17] [INFO]: The job was executed succesfully.
[2024-05-07 17:45:17] [INFO]: Starting Job number 79: DELETE JOB
[2024-05-07 17:45:17] [INFO]: The job was executed succesfully.
[2024-05-07 17:45:17] [INFO]: Starting Job number 80: DELETE JOB
[2024-05-07 17:45:17] [INFO]: The job was executed succesfully.
[2024-05-07 17:45:17] [INFO]: Starting Job number 81: DELETE JOB
[2024-05-07 17:45:17] [INFO]: The job was executed succesfully.
[2024-05-07 17:45:17] [INFO]: Starting Job number 82: FINALIZE JOB
[2024-05-07 17:45:17] [INFO]: The job was executed succesfully.
[2024-05-07 17:45:17] [INFO]: Starting Job number 83: DELETE JOB
[2024-05-07 17:45:17] [INFO]: The job was executed succesfully.
[2024-05-07 17:45:17] [INFO]: DONE! Merge succeeded
